<?xml version="1.0" encoding="UTF-8"?>
<!-- Generated by org.testng.reporters.JUnitXMLReporter -->
<testsuite ignored="0" hostname="LAPTOP-L8LIL1JI" failures="0" tests="6" name="Test" time="0.084" errors="0" timestamp="2025-12-17T11:35:55 IST">
  <testcase classname="TestNGSuite.Flipkart" name="fLogin" time="0.017"/>
  <testcase classname="TestNGSuite.Flipkart" name="fSearchProduct" time="0.002"/>
  <testcase classname="TestNGSuite.Flipkart" name="fSelectProduct" time="0.003"/>
  <testcase classname="TestNGSuite.Amazon" name="aLogin" time="0.002"/>
  <testcase classname="TestNGSuite.Amazon" name="aSearchProduct" time="0.001"/>
  <testcase classname="TestNGSuite.Amazon" name="aSelectProduct" time="0.002"/>
</testsuite> <!-- Test -->
