<?xml version="1.0" encoding="UTF-8"?>
<!-- Generated by org.testng.reporters.JUnitXMLReporter -->
<testsuite ignored="0" hostname="LAPTOP-L8LIL1JI" failures="0" tests="3" name="Test" time="9.903" errors="0" timestamp="2025-12-17T13:59:12 IST">
  <testcase classname="TestNG.ParallelTest" name="launchAmazon" time="5.651"/>
  <testcase classname="TestNG.ParallelTest" name="launchEbay" time="7.8"/>
  <testcase classname="TestNG.ParallelTest" name="launchFlipkart" time="9.822"/>
</testsuite> <!-- Test -->
