<?xml version="1.0" encoding="UTF-8"?>
<!-- Generated by org.testng.reporters.JUnitReportReporter -->
<testsuite hostname="LAPTOP-L8LIL1JI" failures="0" tests="2" name="TestNG.ExecutionOrderAnnotations" time="0.016" errors="0" timestamp="2025-12-15T10:37:00 IST" skipped="0">
  <testcase classname="TestNG.ExecutionOrderAnnotations" name="test1" time="0.012"/>
  <testcase classname="TestNG.ExecutionOrderAnnotations" name="test2" time="0.004"/>
</testsuite> <!-- TestNG.ExecutionOrderAnnotations -->
