<?xml version="1.0" encoding="UTF-8"?>
<!-- Generated by org.testng.reporters.JUnitReportReporter -->
<testsuite hostname="LAPTOP-L8LIL1JI" failures="0" tests="2" name="TestNG.DataProviderExcelReaderTest" time="5.740" errors="0" timestamp="2025-12-16T13:10:24 IST" skipped="0">
  <testcase classname="TestNG.DataProviderExcelReaderTest" name="searchAndFetchNthProduct" time="2.506"/>
  <testcase classname="TestNG.DataProviderExcelReaderTest" name="searchAndFetchNthProduct" time="3.234"/>
</testsuite> <!-- TestNG.DataProviderExcelReaderTest -->
