<?xml version="1.0" encoding="UTF-8"?>
<!-- Generated by org.testng.reporters.JUnitReportReporter -->
<testsuite hostname="LAPTOP-L8LIL1JI" failures="0" tests="3" name="TestNG.TestOrder" time="0.008" errors="0" timestamp="2025-12-15T10:57:04 IST" skipped="0">
  <testcase classname="TestNG.TestOrder" name="carrot" time="0.005"/>
  <testcase classname="TestNG.TestOrder" name="apple" time="0.002"/>
  <testcase classname="TestNG.TestOrder" name="bag" time="0.001"/>
</testsuite> <!-- TestNG.TestOrder -->
