<?xml version="1.0" encoding="UTF-8"?>
<!-- Generated by org.testng.reporters.JUnitReportReporter -->
<testsuite hostname="LAPTOP-L8LIL1JI" failures="0" tests="3" name="TestNG.ParallelTest" time="23.273" errors="0" timestamp="2025-12-17T13:59:13 IST" skipped="0">
  <testcase classname="TestNG.ParallelTest" name="launchAmazon" time="5.651"/>
  <testcase classname="TestNG.ParallelTest" name="launchEbay" time="7.800"/>
  <testcase classname="TestNG.ParallelTest" name="launchFlipkart" time="9.822"/>
</testsuite> <!-- TestNG.ParallelTest -->
