<?xml version="1.0" encoding="UTF-8"?>
<!-- Generated by org.testng.reporters.JUnitReportReporter -->
<testsuite hostname="LAPTOP-L8LIL1JI" failures="0" tests="3" name="TestNGSuite.Flipkart" time="0.012" errors="0" timestamp="2025-12-17T11:45:14 IST" skipped="0">
  <testcase classname="TestNGSuite.Flipkart" name="fSearchProduct" time="0.001"/>
  <testcase classname="TestNGSuite.Flipkart" name="fSelectProduct" time="0.001"/>
  <testcase classname="TestNGSuite.Flipkart" name="fLogin" time="0.010"/>
</testsuite> <!-- TestNGSuite.Flipkart -->
