<?xml version="1.0" encoding="UTF-8"?>
<!-- Generated by org.testng.reporters.JUnitReportReporter -->
<testsuite hostname="LAPTOP-L8LIL1JI" failures="0" tests="4" name="TestNG.BooksWagonTest" time="29.034" errors="0" timestamp="2025-12-15T14:25:07 IST" skipped="0">
  <testcase classname="TestNG.BooksWagonTest" name="launch" time="20.828"/>
  <testcase classname="TestNG.BooksWagonTest" name="search" time="4.440"/>
  <testcase classname="TestNG.BooksWagonTest" name="sort" time="0.266"/>
  <testcase classname="TestNG.BooksWagonTest" name="nThProduct" time="3.500"/>
</testsuite> <!-- TestNG.BooksWagonTest -->
