<?xml version="1.0" encoding="UTF-8"?>
<!-- Generated by org.testng.reporters.JUnitReportReporter -->
<testsuite hostname="LAPTOP-L8LIL1JI" failures="0" tests="2" name="TestNG.DataProviderExcelReaderTest" time="4.775" errors="0" timestamp="2025-12-16T14:17:35 IST" skipped="0">
  <testcase classname="TestNG.DataProviderExcelReaderTest" name="searchAndFetchNthProduct" time="1.966"/>
  <testcase classname="TestNG.DataProviderExcelReaderTest" name="searchAndFetchNthProduct" time="2.809"/>
</testsuite> <!-- TestNG.DataProviderExcelReaderTest -->
