<?xml version="1.0" encoding="UTF-8"?>
<!-- Generated by org.testng.reporters.JUnitReportReporter -->
<testsuite hostname="LAPTOP-L8LIL1JI" failures="0" tests="2" name="TestNG.DataProviderTest" time="28.054" errors="0" timestamp="2025-12-16T12:01:18 IST" skipped="0">
  <testcase classname="TestNG.DataProviderTest" name="searchSortAndFetchNthProduct" time="14.102"/>
  <testcase classname="TestNG.DataProviderTest" name="searchSortAndFetchNthProduct" time="13.952"/>
</testsuite> <!-- TestNG.DataProviderTest -->
