<?xml version="1.0" encoding="UTF-8"?>
<!-- Generated by org.testng.reporters.JUnitReportReporter -->
<testsuite hostname="LAPTOP-L8LIL1JI" failures="0" tests="2" name="TestNG.DataProviderTest" time="14.180" errors="0" timestamp="2025-12-16T10:25:31 IST" skipped="0">
  <testcase classname="TestNG.DataProviderTest" name="searchSortAndFetchNthProduct" time="7.158"/>
  <testcase classname="TestNG.DataProviderTest" name="searchSortAndFetchNthProduct" time="7.022"/>
</testsuite> <!-- TestNG.DataProviderTest -->
