<?xml version="1.0" encoding="UTF-8"?>
<!-- Generated by org.testng.reporters.JUnitReportReporter -->
<testsuite hostname="LAPTOP-L8LIL1JI" failures="0" tests="3" name="TestNGSuite.Amazon" time="0.004" errors="0" timestamp="2025-12-17T11:45:14 IST" skipped="0">
  <testcase classname="TestNGSuite.Amazon" name="aSelectProduct" time="0.001"/>
  <testcase classname="TestNGSuite.Amazon" name="aSearchProduct" time="0.002"/>
  <testcase classname="TestNGSuite.Amazon" name="aLogin" time="0.001"/>
</testsuite> <!-- TestNGSuite.Amazon -->
