<?xml version="1.0" encoding="UTF-8"?>
<!-- Generated by org.testng.reporters.JUnitXMLReporter -->
<testsuite ignored="0" hostname="LAPTOP-L8LIL1JI" failures="0" tests="2" name="Default test" time="17.97" errors="0" timestamp="2025-12-16T13:10:23 IST">
  <testcase classname="TestNG.DataProviderExcelReaderTest" name="searchAndFetchNthProduct" time="3.234"/>
  <testcase classname="TestNG.DataProviderExcelReaderTest" name="searchAndFetchNthProduct" time="2.506"/>
</testsuite> <!-- Default test -->
